2022-04-18 09:21:39.010  INFO 7840 --- [restartedMain] c.s.helloworldapp.StateGovApplication    : Starting StateGovApplication using Java 1.8.0_241 on DESKTOP-H2AEHVK with PID 7840 (D:\spring-boot\state-government-management-system\target\classes started by Dell in D:\spring-boot\state-government-management-system)
2022-04-18 09:21:39.011  INFO 7840 --- [restartedMain] c.s.helloworldapp.StateGovApplication    : The following 1 profile is active: "sql"
2022-04-18 09:21:39.441  INFO 7840 --- [restartedMain] .s.d.r.c.RepositoryConfigurationDelegate : Bootstrapping Spring Data JPA repositories in DEFAULT mode.
2022-04-18 09:21:39.464  INFO 7840 --- [restartedMain] .s.d.r.c.RepositoryConfigurationDelegate : Finished Spring Data repository scanning in 21 ms. Found 2 JPA repository interfaces.
2022-04-18 09:21:39.717  INFO 7840 --- [restartedMain] o.s.b.w.embedded.tomcat.TomcatWebServer  : Tomcat initialized with port(s): 9092 (http)
2022-04-18 09:21:39.718  INFO 7840 --- [restartedMain] o.apache.catalina.core.StandardService   : Starting service [Tomcat]
2022-04-18 09:21:39.719  INFO 7840 --- [restartedMain] org.apache.catalina.core.StandardEngine  : Starting Servlet engine: [Apache Tomcat/9.0.60]
2022-04-18 09:21:39.744  INFO 7840 --- [restartedMain] o.a.c.c.C.[Tomcat].[localhost].[/]       : Initializing Spring embedded WebApplicationContext
2022-04-18 09:21:39.746  INFO 7840 --- [restartedMain] w.s.c.ServletWebServerApplicationContext : Root WebApplicationContext: initialization completed in 729 ms
2022-04-18 09:21:39.759  INFO 7840 --- [restartedMain] com.zaxxer.hikari.HikariDataSource       : HikariPool-6 - Starting...
2022-04-18 09:21:39.823  INFO 7840 --- [restartedMain] com.zaxxer.hikari.HikariDataSource       : HikariPool-6 - Start completed.
2022-04-18 09:21:39.823  INFO 7840 --- [restartedMain] o.s.b.a.h2.H2ConsoleAutoConfiguration    : H2 console available at '/h2-console'. Database available at 'jdbc:mysql://localhost:3306/springboottraining2022mar'
2022-04-18 09:21:39.850  INFO 7840 --- [restartedMain] o.hibernate.jpa.internal.util.LogHelper  : HHH000204: Processing PersistenceUnitInfo [name: default]
2022-04-18 09:21:39.861  INFO 7840 --- [restartedMain] org.hibernate.dialect.Dialect            : HHH000400: Using dialect: org.hibernate.dialect.MySQL5InnoDBDialect
2022-04-18 09:21:39.985  INFO 7840 --- [restartedMain] o.h.e.t.j.p.i.JtaPlatformInitiator       : HHH000490: Using JtaPlatform implementation: [org.hibernate.engine.transaction.jta.platform.internal.NoJtaPlatform]
2022-04-18 09:21:39.985  INFO 7840 --- [restartedMain] j.LocalContainerEntityManagerFactoryBean : Initialized JPA EntityManagerFactory for persistence unit 'default'
2022-04-18 09:21:40.216  WARN 7840 --- [restartedMain] JpaBaseConfiguration$JpaWebConfiguration : spring.jpa.open-in-view is enabled by default. Therefore, database queries may be performed during view rendering. Explicitly configure spring.jpa.open-in-view to disable this warning
2022-04-18 09:21:40.437  INFO 7840 --- [restartedMain] o.s.b.d.a.OptionalLiveReloadServer       : LiveReload server is running on port 35729
2022-04-18 09:21:40.453  INFO 7840 --- [restartedMain] o.s.b.w.embedded.tomcat.TomcatWebServer  : Tomcat started on port(s): 9092 (http) with context path ''
2022-04-18 09:21:40.462  INFO 7840 --- [restartedMain] c.s.helloworldapp.StateGovApplication    : Started StateGovApplication in 1.499 seconds (JVM running for 324.492)
2022-04-18 09:21:40.467  INFO 7840 --- [restartedMain] .ConditionEvaluationDeltaLoggingListener : Condition evaluation unchanged
2022-04-18 09:23:06.362  INFO 7840 --- [Thread-24] j.LocalContainerEntityManagerFactoryBean : Closing JPA EntityManagerFactory for persistence unit 'default'
2022-04-18 09:23:06.374  INFO 7840 --- [Thread-24] com.zaxxer.hikari.HikariDataSource       : HikariPool-6 - Shutdown initiated...
2022-04-18 09:23:06.418  INFO 7840 --- [Thread-24] com.zaxxer.hikari.HikariDataSource       : HikariPool-6 - Shutdown completed.
