2022-04-22 09:23:20.397  INFO 420 --- [restartedMain] c.s.helloworldapp.StateGovApplication    : Starting StateGovApplication using Java 1.8.0_241 on DESKTOP-H2AEHVK with PID 420 (D:\spring-boot\state-government-management-system\target\classes started by Dell in D:\spring-boot\state-government-management-system)
2022-04-22 09:23:20.411  INFO 420 --- [restartedMain] c.s.helloworldapp.StateGovApplication    : The following 1 profile is active: "sql"
2022-04-22 09:23:20.609  INFO 420 --- [restartedMain] .e.DevToolsPropertyDefaultsPostProcessor : Devtools property defaults active! Set 'spring.devtools.add-properties' to 'false' to disable
2022-04-22 09:23:20.611  INFO 420 --- [restartedMain] .e.DevToolsPropertyDefaultsPostProcessor : For additional web related logging consider setting the 'logging.level.web' property to 'DEBUG'
2022-04-22 09:23:23.737  WARN 420 --- [restartedMain] ConfigServletWebServerApplicationContext : Exception encountered during context initialization - cancelling refresh attempt: org.springframework.beans.factory.support.BeanDefinitionOverrideException: Invalid bean definition with name 'COUNTRIES-CLIENT.FeignClientSpecification' defined in null: Cannot register bean definition [Generic bean: class [org.springframework.cloud.openfeign.FeignClientSpecification]; scope=; abstract=false; lazyInit=null; autowireMode=0; dependencyCheck=0; autowireCandidate=true; primary=false; factoryBeanName=null; factoryMethodName=null; initMethodName=null; destroyMethodName=null] for bean 'COUNTRIES-CLIENT.FeignClientSpecification': There is already [Generic bean: class [org.springframework.cloud.openfeign.FeignClientSpecification]; scope=; abstract=false; lazyInit=null; autowireMode=0; dependencyCheck=0; autowireCandidate=true; primary=false; factoryBeanName=null; factoryMethodName=null; initMethodName=null; destroyMethodName=null] bound.
2022-04-22 09:23:23.807  INFO 420 --- [restartedMain] ConditionEvaluationReportLoggingListener : 

Error starting ApplicationContext. To display the conditions report re-run your application with 'debug' enabled.
2022-04-22 09:23:24.234 ERROR 420 --- [restartedMain] o.s.b.d.LoggingFailureAnalysisReporter   : 

***************************
APPLICATION FAILED TO START
***************************

Description:

The bean 'COUNTRIES-CLIENT.FeignClientSpecification' could not be registered. A bean with that name has already been defined and overriding is disabled.

Action:

Consider renaming one of the beans or enabling overriding by setting spring.main.allow-bean-definition-overriding=true

2022-04-22 09:26:56.813  INFO 7432 --- [restartedMain] c.s.helloworldapp.StateGovApplication    : Starting StateGovApplication using Java 1.8.0_241 on DESKTOP-H2AEHVK with PID 7432 (D:\spring-boot\state-government-management-system\target\classes started by Dell in D:\spring-boot\state-government-management-system)
2022-04-22 09:26:56.817  INFO 7432 --- [restartedMain] c.s.helloworldapp.StateGovApplication    : The following 1 profile is active: "sql"
2022-04-22 09:26:56.917  INFO 7432 --- [restartedMain] .e.DevToolsPropertyDefaultsPostProcessor : Devtools property defaults active! Set 'spring.devtools.add-properties' to 'false' to disable
2022-04-22 09:26:56.919  INFO 7432 --- [restartedMain] .e.DevToolsPropertyDefaultsPostProcessor : For additional web related logging consider setting the 'logging.level.web' property to 'DEBUG'
2022-04-22 09:26:58.527  INFO 7432 --- [restartedMain] .s.d.r.c.RepositoryConfigurationDelegate : Bootstrapping Spring Data JPA repositories in DEFAULT mode.
2022-04-22 09:26:58.671  INFO 7432 --- [restartedMain] .s.d.r.c.RepositoryConfigurationDelegate : Finished Spring Data repository scanning in 113 ms. Found 2 JPA repository interfaces.
2022-04-22 09:26:59.444  INFO 7432 --- [restartedMain] o.s.cloud.context.scope.GenericScope     : BeanFactory id=5ec4832b-a768-347d-9c65-aecff48ffddd
2022-04-22 09:27:02.122  INFO 7432 --- [restartedMain] o.s.b.w.embedded.tomcat.TomcatWebServer  : Tomcat initialized with port(s): 9093 (http)
2022-04-22 09:27:02.204  INFO 7432 --- [restartedMain] o.apache.catalina.core.StandardService   : Starting service [Tomcat]
2022-04-22 09:27:02.206  INFO 7432 --- [restartedMain] org.apache.catalina.core.StandardEngine  : Starting Servlet engine: [Apache Tomcat/9.0.60]
2022-04-22 09:27:02.512  INFO 7432 --- [restartedMain] o.a.c.c.C.[Tomcat].[localhost].[/]       : Initializing Spring embedded WebApplicationContext
2022-04-22 09:27:02.512  INFO 7432 --- [restartedMain] w.s.c.ServletWebServerApplicationContext : Root WebApplicationContext: initialization completed in 5588 ms
2022-04-22 09:27:02.628  INFO 7432 --- [restartedMain] com.zaxxer.hikari.HikariDataSource       : HikariPool-1 - Starting...
2022-04-22 09:27:04.082  INFO 7432 --- [restartedMain] com.zaxxer.hikari.HikariDataSource       : HikariPool-1 - Start completed.
2022-04-22 09:27:04.099  INFO 7432 --- [restartedMain] o.s.b.a.h2.H2ConsoleAutoConfiguration    : H2 console available at '/h2-console'. Database available at 'jdbc:mysql://localhost:3306/springboottraining2022mar'
2022-04-22 09:27:04.936  INFO 7432 --- [restartedMain] o.hibernate.jpa.internal.util.LogHelper  : HHH000204: Processing PersistenceUnitInfo [name: default]
2022-04-22 09:27:05.265  INFO 7432 --- [restartedMain] org.hibernate.Version                    : HHH000412: Hibernate ORM core version 5.6.7.Final
2022-04-22 09:27:05.889  INFO 7432 --- [restartedMain] o.hibernate.annotations.common.Version   : HCANN000001: Hibernate Commons Annotations {5.1.2.Final}
2022-04-22 09:27:06.446  INFO 7432 --- [restartedMain] org.hibernate.dialect.Dialect            : HHH000400: Using dialect: org.hibernate.dialect.MySQL5InnoDBDialect
2022-04-22 09:27:08.866  INFO 7432 --- [restartedMain] o.h.e.t.j.p.i.JtaPlatformInitiator       : HHH000490: Using JtaPlatform implementation: [org.hibernate.engine.transaction.jta.platform.internal.NoJtaPlatform]
2022-04-22 09:27:08.924  INFO 7432 --- [restartedMain] j.LocalContainerEntityManagerFactoryBean : Initialized JPA EntityManagerFactory for persistence unit 'default'
2022-04-22 09:27:11.548  WARN 7432 --- [restartedMain] JpaBaseConfiguration$JpaWebConfiguration : spring.jpa.open-in-view is enabled by default. Therefore, database queries may be performed during view rendering. Explicitly configure spring.jpa.open-in-view to disable this warning
2022-04-22 09:27:11.715  WARN 7432 --- [restartedMain] o.s.b.d.a.OptionalLiveReloadServer       : Unable to start LiveReload server
2022-04-22 09:27:17.432  INFO 7432 --- [restartedMain] o.s.b.w.embedded.tomcat.TomcatWebServer  : Tomcat started on port(s): 9093 (http) with context path ''
2022-04-22 09:27:17.995  INFO 7432 --- [restartedMain] c.s.helloworldapp.StateGovApplication    : Started StateGovApplication in 22.199 seconds (JVM running for 23.483)
2022-04-22 09:28:51.123  INFO 7432 --- [http-nio-9093-exec-1] o.a.c.c.C.[Tomcat].[localhost].[/]       : Initializing Spring DispatcherServlet 'dispatcherServlet'
2022-04-22 09:28:51.124  INFO 7432 --- [http-nio-9093-exec-1] o.s.web.servlet.DispatcherServlet        : Initializing Servlet 'dispatcherServlet'
2022-04-22 09:28:51.165  INFO 7432 --- [http-nio-9093-exec-1] o.s.web.servlet.DispatcherServlet        : Completed initialization in 40 ms
2022-04-22 09:41:26.033  INFO 7432 --- [http-nio-9093-exec-7] o.springdoc.api.AbstractOpenApiResource  : Init duration for springdoc-openapi is: 9698 ms
2022-04-22 09:46:18.748  INFO 7432 --- [http-nio-9093-exec-8] c.s.h.controller.MandalsController       : ==================>Am inside getMandals() method
2022-04-22 09:52:48.258  INFO 7432 --- [Thread-3] j.LocalContainerEntityManagerFactoryBean : Closing JPA EntityManagerFactory for persistence unit 'default'
2022-04-22 09:52:50.997  INFO 7432 --- [Thread-3] com.zaxxer.hikari.HikariDataSource       : HikariPool-1 - Shutdown initiated...
2022-04-22 09:52:52.538  INFO 7432 --- [Thread-3] com.zaxxer.hikari.HikariDataSource       : HikariPool-1 - Shutdown completed.
2022-04-22 09:53:19.920  INFO 7432 --- [restartedMain] c.s.helloworldapp.StateGovApplication    : Starting StateGovApplication using Java 1.8.0_241 on DESKTOP-H2AEHVK with PID 7432 (D:\spring-boot\state-government-management-system\target\classes started by Dell in D:\spring-boot\state-government-management-system)
2022-04-22 09:53:19.967  INFO 7432 --- [restartedMain] c.s.helloworldapp.StateGovApplication    : The following 1 profile is active: "sql"
2022-04-22 09:53:25.397  INFO 7432 --- [restartedMain] .s.d.r.c.RepositoryConfigurationDelegate : Bootstrapping Spring Data JPA repositories in DEFAULT mode.
2022-04-22 09:53:25.451  INFO 7432 --- [restartedMain] .s.d.r.c.RepositoryConfigurationDelegate : Finished Spring Data repository scanning in 52 ms. Found 2 JPA repository interfaces.
2022-04-22 09:53:25.765  INFO 7432 --- [restartedMain] o.s.cloud.context.scope.GenericScope     : BeanFactory id=5ec4832b-a768-347d-9c65-aecff48ffddd
2022-04-22 09:53:31.754  INFO 7432 --- [restartedMain] o.s.b.w.embedded.tomcat.TomcatWebServer  : Tomcat initialized with port(s): 9093 (http)
2022-04-22 09:53:31.759  INFO 7432 --- [restartedMain] o.apache.catalina.core.StandardService   : Starting service [Tomcat]
2022-04-22 09:53:31.760  INFO 7432 --- [restartedMain] org.apache.catalina.core.StandardEngine  : Starting Servlet engine: [Apache Tomcat/9.0.60]
2022-04-22 09:53:31.869  INFO 7432 --- [restartedMain] o.a.c.c.C.[Tomcat].[localhost].[/]       : Initializing Spring embedded WebApplicationContext
2022-04-22 09:53:31.869  INFO 7432 --- [restartedMain] w.s.c.ServletWebServerApplicationContext : Root WebApplicationContext: initialization completed in 11892 ms
2022-04-22 09:53:31.953  INFO 7432 --- [restartedMain] com.zaxxer.hikari.HikariDataSource       : HikariPool-2 - Starting...
2022-04-22 09:53:32.051  INFO 7432 --- [restartedMain] com.zaxxer.hikari.HikariDataSource       : HikariPool-2 - Start completed.
2022-04-22 09:53:32.051  INFO 7432 --- [restartedMain] o.s.b.a.h2.H2ConsoleAutoConfiguration    : H2 console available at '/h2-console'. Database available at 'jdbc:mysql://localhost:3306/springboottraining2022mar'
2022-04-22 09:53:32.134  INFO 7432 --- [restartedMain] o.hibernate.jpa.internal.util.LogHelper  : HHH000204: Processing PersistenceUnitInfo [name: default]
2022-04-22 09:53:32.156  INFO 7432 --- [restartedMain] org.hibernate.dialect.Dialect            : HHH000400: Using dialect: org.hibernate.dialect.MySQL5InnoDBDialect
2022-04-22 09:53:32.844  INFO 7432 --- [restartedMain] o.h.e.t.j.p.i.JtaPlatformInitiator       : HHH000490: Using JtaPlatform implementation: [org.hibernate.engine.transaction.jta.platform.internal.NoJtaPlatform]
2022-04-22 09:53:32.845  INFO 7432 --- [restartedMain] j.LocalContainerEntityManagerFactoryBean : Initialized JPA EntityManagerFactory for persistence unit 'default'
2022-04-22 09:53:33.293  WARN 7432 --- [restartedMain] JpaBaseConfiguration$JpaWebConfiguration : spring.jpa.open-in-view is enabled by default. Therefore, database queries may be performed during view rendering. Explicitly configure spring.jpa.open-in-view to disable this warning
2022-04-22 09:53:33.426  WARN 7432 --- [restartedMain] o.s.b.d.a.OptionalLiveReloadServer       : Unable to start LiveReload server
2022-04-22 09:53:35.975  INFO 7432 --- [restartedMain] o.s.b.w.embedded.tomcat.TomcatWebServer  : Tomcat started on port(s): 9093 (http) with context path ''
2022-04-22 09:53:36.696  INFO 7432 --- [restartedMain] c.s.helloworldapp.StateGovApplication    : Started StateGovApplication in 18.262 seconds (JVM running for 1602.189)
2022-04-22 09:53:36.702  INFO 7432 --- [restartedMain] .ConditionEvaluationDeltaLoggingListener : Condition evaluation unchanged
2022-04-22 09:55:28.704  INFO 7432 --- [RMI TCP Connection(30)-127.0.0.1] inMXBeanRegistrar$SpringApplicationAdmin : Application shutdown requested.
2022-04-22 09:55:29.327  INFO 7432 --- [RMI TCP Connection(30)-127.0.0.1] j.LocalContainerEntityManagerFactoryBean : Closing JPA EntityManagerFactory for persistence unit 'default'
2022-04-22 09:55:29.331  INFO 7432 --- [RMI TCP Connection(30)-127.0.0.1] com.zaxxer.hikari.HikariDataSource       : HikariPool-2 - Shutdown initiated...
2022-04-22 09:55:29.464  INFO 7432 --- [RMI TCP Connection(30)-127.0.0.1] com.zaxxer.hikari.HikariDataSource       : HikariPool-2 - Shutdown completed.
