2022-04-19 08:43:13.511  INFO 8568 --- [restartedMain] c.s.h.CentralGovpApplication             : Starting CentralGovpApplication using Java 1.8.0_241 on DESKTOP-H2AEHVK with PID 8568 (D:\spring-boot\central-government-management-system\target\classes started by Dell in D:\spring-boot\central-government-management-system)
2022-04-19 08:43:13.709  INFO 8568 --- [restartedMain] c.s.h.CentralGovpApplication             : The following 1 profile is active: "sql"
2022-04-19 08:43:15.017  INFO 8568 --- [restartedMain] .e.DevToolsPropertyDefaultsPostProcessor : Devtools property defaults active! Set 'spring.devtools.add-properties' to 'false' to disable
2022-04-19 08:43:15.034  INFO 8568 --- [restartedMain] .e.DevToolsPropertyDefaultsPostProcessor : For additional web related logging consider setting the 'logging.level.web' property to 'DEBUG'
2022-04-19 08:43:18.521  INFO 8568 --- [restartedMain] .s.d.r.c.RepositoryConfigurationDelegate : Bootstrapping Spring Data JPA repositories in DEFAULT mode.
2022-04-19 08:43:18.739  INFO 8568 --- [restartedMain] .s.d.r.c.RepositoryConfigurationDelegate : Finished Spring Data repository scanning in 177 ms. Found 1 JPA repository interfaces.
2022-04-19 08:43:24.493  INFO 8568 --- [restartedMain] o.s.b.w.embedded.tomcat.TomcatWebServer  : Tomcat initialized with port(s): 9091 (http)
2022-04-19 08:43:24.610  INFO 8568 --- [restartedMain] o.apache.catalina.core.StandardService   : Starting service [Tomcat]
2022-04-19 08:43:24.610  INFO 8568 --- [restartedMain] org.apache.catalina.core.StandardEngine  : Starting Servlet engine: [Apache Tomcat/9.0.60]
2022-04-19 08:43:25.225  INFO 8568 --- [restartedMain] o.a.c.c.C.[Tomcat].[localhost].[/]       : Initializing Spring embedded WebApplicationContext
2022-04-19 08:43:25.248  INFO 8568 --- [restartedMain] w.s.c.ServletWebServerApplicationContext : Root WebApplicationContext: initialization completed in 10207 ms
2022-04-19 08:43:26.074  INFO 8568 --- [restartedMain] com.zaxxer.hikari.HikariDataSource       : HikariPool-1 - Starting...
2022-04-19 08:43:34.992  INFO 8568 --- [restartedMain] com.zaxxer.hikari.HikariDataSource       : HikariPool-1 - Start completed.
2022-04-19 08:43:35.011  INFO 8568 --- [restartedMain] o.s.b.a.h2.H2ConsoleAutoConfiguration    : H2 console available at '/h2-console'. Database available at 'jdbc:mysql://localhost:3306/springboottraining2022mar'
2022-04-19 08:43:36.986  INFO 8568 --- [restartedMain] o.hibernate.jpa.internal.util.LogHelper  : HHH000204: Processing PersistenceUnitInfo [name: default]
2022-04-19 08:43:37.460  INFO 8568 --- [restartedMain] org.hibernate.Version                    : HHH000412: Hibernate ORM core version 5.6.7.Final
2022-04-19 08:43:38.322  INFO 8568 --- [restartedMain] o.hibernate.annotations.common.Version   : HCANN000001: Hibernate Commons Annotations {5.1.2.Final}
2022-04-19 08:43:39.290  INFO 8568 --- [restartedMain] org.hibernate.dialect.Dialect            : HHH000400: Using dialect: org.hibernate.dialect.MySQL5InnoDBDialect
2022-04-19 08:43:42.982  INFO 8568 --- [restartedMain] o.h.e.t.j.p.i.JtaPlatformInitiator       : HHH000490: Using JtaPlatform implementation: [org.hibernate.engine.transaction.jta.platform.internal.NoJtaPlatform]
2022-04-19 08:43:43.035  INFO 8568 --- [restartedMain] j.LocalContainerEntityManagerFactoryBean : Initialized JPA EntityManagerFactory for persistence unit 'default'
2022-04-19 08:43:44.826  WARN 8568 --- [restartedMain] JpaBaseConfiguration$JpaWebConfiguration : spring.jpa.open-in-view is enabled by default. Therefore, database queries may be performed during view rendering. Explicitly configure spring.jpa.open-in-view to disable this warning
2022-04-19 08:43:48.719  INFO 8568 --- [restartedMain] o.s.b.d.a.OptionalLiveReloadServer       : LiveReload server is running on port 35729
2022-04-19 08:43:49.398  INFO 8568 --- [restartedMain] o.s.b.w.embedded.tomcat.TomcatWebServer  : Tomcat started on port(s): 9091 (http) with context path ''
2022-04-19 08:43:49.492  INFO 8568 --- [restartedMain] c.s.h.CentralGovpApplication             : Started CentralGovpApplication in 39.311 seconds (JVM running for 43.551)
2022-04-19 08:55:47.902  INFO 8568 --- [http-nio-9091-exec-1] o.a.c.c.C.[Tomcat].[localhost].[/]       : Initializing Spring DispatcherServlet 'dispatcherServlet'
2022-04-19 08:55:47.934  INFO 8568 --- [http-nio-9091-exec-1] o.s.web.servlet.DispatcherServlet        : Initializing Servlet 'dispatcherServlet'
2022-04-19 08:55:47.934  INFO 8568 --- [http-nio-9091-exec-1] o.s.web.servlet.DispatcherServlet        : Completed initialization in 0 ms
2022-04-19 09:44:53.934  INFO 3668 --- [restartedMain] c.s.h.CentralGovpApplication             : Starting CentralGovpApplication using Java 1.8.0_241 on DESKTOP-H2AEHVK with PID 3668 (D:\spring-boot\central-government-management-system\target\classes started by Dell in D:\spring-boot\central-government-management-system)
2022-04-19 09:44:53.960  INFO 3668 --- [restartedMain] c.s.h.CentralGovpApplication             : The following 1 profile is active: "sql"
2022-04-19 09:44:54.154  INFO 3668 --- [restartedMain] .e.DevToolsPropertyDefaultsPostProcessor : Devtools property defaults active! Set 'spring.devtools.add-properties' to 'false' to disable
2022-04-19 09:44:54.155  INFO 3668 --- [restartedMain] .e.DevToolsPropertyDefaultsPostProcessor : For additional web related logging consider setting the 'logging.level.web' property to 'DEBUG'
2022-04-19 09:44:56.271  INFO 3668 --- [restartedMain] .s.d.r.c.RepositoryConfigurationDelegate : Bootstrapping Spring Data JPA repositories in DEFAULT mode.
2022-04-19 09:44:56.549  INFO 3668 --- [restartedMain] .s.d.r.c.RepositoryConfigurationDelegate : Finished Spring Data repository scanning in 224 ms. Found 1 JPA repository interfaces.
2022-04-19 09:45:00.341  INFO 3668 --- [restartedMain] o.s.b.w.embedded.tomcat.TomcatWebServer  : Tomcat initialized with port(s): 9091 (http)
2022-04-19 09:45:00.441  INFO 3668 --- [restartedMain] o.apache.catalina.core.StandardService   : Starting service [Tomcat]
2022-04-19 09:45:00.442  INFO 3668 --- [restartedMain] org.apache.catalina.core.StandardEngine  : Starting Servlet engine: [Apache Tomcat/9.0.60]
2022-04-19 09:45:00.816  INFO 3668 --- [restartedMain] o.a.c.c.C.[Tomcat].[localhost].[/]       : Initializing Spring embedded WebApplicationContext
2022-04-19 09:45:00.821  INFO 3668 --- [restartedMain] w.s.c.ServletWebServerApplicationContext : Root WebApplicationContext: initialization completed in 6665 ms
2022-04-19 09:45:01.079  INFO 3668 --- [restartedMain] com.zaxxer.hikari.HikariDataSource       : HikariPool-1 - Starting...
2022-04-19 09:45:02.982  INFO 3668 --- [restartedMain] com.zaxxer.hikari.HikariDataSource       : HikariPool-1 - Start completed.
2022-04-19 09:45:02.998  INFO 3668 --- [restartedMain] o.s.b.a.h2.H2ConsoleAutoConfiguration    : H2 console available at '/h2-console'. Database available at 'jdbc:mysql://localhost:3306/springboottraining2022mar'
2022-04-19 09:45:04.049  INFO 3668 --- [restartedMain] o.hibernate.jpa.internal.util.LogHelper  : HHH000204: Processing PersistenceUnitInfo [name: default]
2022-04-19 09:45:04.269  INFO 3668 --- [restartedMain] org.hibernate.Version                    : HHH000412: Hibernate ORM core version 5.6.7.Final
2022-04-19 09:45:04.805  INFO 3668 --- [restartedMain] o.hibernate.annotations.common.Version   : HCANN000001: Hibernate Commons Annotations {5.1.2.Final}
2022-04-19 09:45:05.476  INFO 3668 --- [restartedMain] org.hibernate.dialect.Dialect            : HHH000400: Using dialect: org.hibernate.dialect.MySQL5InnoDBDialect
2022-04-19 09:45:07.991  INFO 3668 --- [restartedMain] o.h.e.t.j.p.i.JtaPlatformInitiator       : HHH000490: Using JtaPlatform implementation: [org.hibernate.engine.transaction.jta.platform.internal.NoJtaPlatform]
2022-04-19 09:45:08.055  INFO 3668 --- [restartedMain] j.LocalContainerEntityManagerFactoryBean : Initialized JPA EntityManagerFactory for persistence unit 'default'
2022-04-19 09:45:09.903  WARN 3668 --- [restartedMain] JpaBaseConfiguration$JpaWebConfiguration : spring.jpa.open-in-view is enabled by default. Therefore, database queries may be performed during view rendering. Explicitly configure spring.jpa.open-in-view to disable this warning
2022-04-19 09:45:11.365  WARN 3668 --- [restartedMain] o.s.b.d.a.OptionalLiveReloadServer       : Unable to start LiveReload server
2022-04-19 09:45:11.458  INFO 3668 --- [restartedMain] o.s.b.w.embedded.tomcat.TomcatWebServer  : Tomcat started on port(s): 9091 (http) with context path ''
2022-04-19 09:45:11.496  INFO 3668 --- [restartedMain] c.s.h.CentralGovpApplication             : Started CentralGovpApplication in 19.418 seconds (JVM running for 21.513)
2022-04-19 09:45:18.324  INFO 3668 --- [http-nio-9091-exec-7] o.a.c.c.C.[Tomcat].[localhost].[/]       : Initializing Spring DispatcherServlet 'dispatcherServlet'
2022-04-19 09:45:18.324  INFO 3668 --- [http-nio-9091-exec-7] o.s.web.servlet.DispatcherServlet        : Initializing Servlet 'dispatcherServlet'
2022-04-19 09:45:18.328  INFO 3668 --- [http-nio-9091-exec-7] o.s.web.servlet.DispatcherServlet        : Completed initialization in 4 ms
2022-04-19 09:48:04.837  INFO 3668 --- [Thread-1] j.LocalContainerEntityManagerFactoryBean : Closing JPA EntityManagerFactory for persistence unit 'default'
2022-04-19 09:48:04.847  INFO 3668 --- [Thread-1] com.zaxxer.hikari.HikariDataSource       : HikariPool-1 - Shutdown initiated...
2022-04-19 09:48:04.869  INFO 3668 --- [Thread-1] com.zaxxer.hikari.HikariDataSource       : HikariPool-1 - Shutdown completed.
2022-04-19 09:48:05.447  INFO 3668 --- [restartedMain] c.s.h.CentralGovpApplication             : Starting CentralGovpApplication using Java 1.8.0_241 on DESKTOP-H2AEHVK with PID 3668 (D:\spring-boot\central-government-management-system\target\classes started by Dell in D:\spring-boot\central-government-management-system)
2022-04-19 09:48:05.457  INFO 3668 --- [restartedMain] c.s.h.CentralGovpApplication             : The following 1 profile is active: "sql"
2022-04-19 09:48:06.110  INFO 3668 --- [restartedMain] .s.d.r.c.RepositoryConfigurationDelegate : Bootstrapping Spring Data JPA repositories in DEFAULT mode.
2022-04-19 09:48:06.131  INFO 3668 --- [restartedMain] .s.d.r.c.RepositoryConfigurationDelegate : Finished Spring Data repository scanning in 19 ms. Found 1 JPA repository interfaces.
2022-04-19 09:48:06.564  INFO 3668 --- [restartedMain] o.s.b.w.embedded.tomcat.TomcatWebServer  : Tomcat initialized with port(s): 9092 (http)
2022-04-19 09:48:06.566  INFO 3668 --- [restartedMain] o.apache.catalina.core.StandardService   : Starting service [Tomcat]
2022-04-19 09:48:06.566  INFO 3668 --- [restartedMain] org.apache.catalina.core.StandardEngine  : Starting Servlet engine: [Apache Tomcat/9.0.60]
2022-04-19 09:48:06.621  INFO 3668 --- [restartedMain] o.a.c.c.C.[Tomcat].[localhost].[/]       : Initializing Spring embedded WebApplicationContext
2022-04-19 09:48:06.623  INFO 3668 --- [restartedMain] w.s.c.ServletWebServerApplicationContext : Root WebApplicationContext: initialization completed in 1166 ms
2022-04-19 09:48:06.652  INFO 3668 --- [restartedMain] com.zaxxer.hikari.HikariDataSource       : HikariPool-2 - Starting...
2022-04-19 09:48:06.712  INFO 3668 --- [restartedMain] com.zaxxer.hikari.HikariDataSource       : HikariPool-2 - Start completed.
2022-04-19 09:48:06.714  INFO 3668 --- [restartedMain] o.s.b.a.h2.H2ConsoleAutoConfiguration    : H2 console available at '/h2-console'. Database available at 'jdbc:mysql://localhost:3306/springboottraining2022mar'
2022-04-19 09:48:06.759  INFO 3668 --- [restartedMain] o.hibernate.jpa.internal.util.LogHelper  : HHH000204: Processing PersistenceUnitInfo [name: default]
2022-04-19 09:48:06.782  INFO 3668 --- [restartedMain] org.hibernate.dialect.Dialect            : HHH000400: Using dialect: org.hibernate.dialect.MySQL5InnoDBDialect
2022-04-19 09:48:07.151  INFO 3668 --- [restartedMain] o.h.e.t.j.p.i.JtaPlatformInitiator       : HHH000490: Using JtaPlatform implementation: [org.hibernate.engine.transaction.jta.platform.internal.NoJtaPlatform]
2022-04-19 09:48:07.151  INFO 3668 --- [restartedMain] j.LocalContainerEntityManagerFactoryBean : Initialized JPA EntityManagerFactory for persistence unit 'default'
2022-04-19 09:48:07.532  WARN 3668 --- [restartedMain] JpaBaseConfiguration$JpaWebConfiguration : spring.jpa.open-in-view is enabled by default. Therefore, database queries may be performed during view rendering. Explicitly configure spring.jpa.open-in-view to disable this warning
2022-04-19 09:48:08.014  WARN 3668 --- [restartedMain] o.s.b.d.a.OptionalLiveReloadServer       : Unable to start LiveReload server
2022-04-19 09:48:08.046  WARN 3668 --- [restartedMain] ConfigServletWebServerApplicationContext : Exception encountered during context initialization - cancelling refresh attempt: org.springframework.context.ApplicationContextException: Failed to start bean 'webServerStartStop'; nested exception is org.springframework.boot.web.server.PortInUseException: Port 9092 is already in use
2022-04-19 09:48:08.050  INFO 3668 --- [restartedMain] j.LocalContainerEntityManagerFactoryBean : Closing JPA EntityManagerFactory for persistence unit 'default'
2022-04-19 09:48:08.053  INFO 3668 --- [restartedMain] com.zaxxer.hikari.HikariDataSource       : HikariPool-2 - Shutdown initiated...
2022-04-19 09:48:08.090  INFO 3668 --- [restartedMain] com.zaxxer.hikari.HikariDataSource       : HikariPool-2 - Shutdown completed.
2022-04-19 09:48:08.092  INFO 3668 --- [restartedMain] o.apache.catalina.core.StandardService   : Stopping service [Tomcat]
2022-04-19 09:48:08.115  INFO 3668 --- [restartedMain] ConditionEvaluationReportLoggingListener : 

Error starting ApplicationContext. To display the conditions report re-run your application with 'debug' enabled.
2022-04-19 09:48:08.206 ERROR 3668 --- [restartedMain] o.s.b.d.LoggingFailureAnalysisReporter   : 

***************************
APPLICATION FAILED TO START
***************************

Description:

Web server failed to start. Port 9092 was already in use.

Action:

Identify and stop the process that's listening on port 9092 or configure this application to listen on another port.

2022-04-19 09:48:51.642  INFO 3668 --- [restartedMain] c.s.h.CentralGovpApplication             : Starting CentralGovpApplication using Java 1.8.0_241 on DESKTOP-H2AEHVK with PID 3668 (D:\spring-boot\central-government-management-system\target\classes started by Dell in D:\spring-boot\central-government-management-system)
2022-04-19 09:48:51.644  INFO 3668 --- [restartedMain] c.s.h.CentralGovpApplication             : The following 1 profile is active: "sql"
2022-04-19 09:48:52.231  INFO 3668 --- [restartedMain] .s.d.r.c.RepositoryConfigurationDelegate : Bootstrapping Spring Data JPA repositories in DEFAULT mode.
2022-04-19 09:48:52.250  INFO 3668 --- [restartedMain] .s.d.r.c.RepositoryConfigurationDelegate : Finished Spring Data repository scanning in 18 ms. Found 1 JPA repository interfaces.
2022-04-19 09:48:52.783  INFO 3668 --- [restartedMain] o.s.b.w.embedded.tomcat.TomcatWebServer  : Tomcat initialized with port(s): 9091 (http)
2022-04-19 09:48:52.853  INFO 3668 --- [restartedMain] o.apache.catalina.core.StandardService   : Starting service [Tomcat]
2022-04-19 09:48:52.854  INFO 3668 --- [restartedMain] org.apache.catalina.core.StandardEngine  : Starting Servlet engine: [Apache Tomcat/9.0.60]
2022-04-19 09:48:53.082  INFO 3668 --- [restartedMain] o.a.c.c.C.[Tomcat-1].[localhost].[/]     : Initializing Spring embedded WebApplicationContext
2022-04-19 09:48:53.086  INFO 3668 --- [restartedMain] w.s.c.ServletWebServerApplicationContext : Root WebApplicationContext: initialization completed in 1434 ms
2022-04-19 09:48:53.231  INFO 3668 --- [restartedMain] com.zaxxer.hikari.HikariDataSource       : HikariPool-3 - Starting...
2022-04-19 09:48:53.372  INFO 3668 --- [restartedMain] com.zaxxer.hikari.HikariDataSource       : HikariPool-3 - Start completed.
2022-04-19 09:48:53.373  INFO 3668 --- [restartedMain] o.s.b.a.h2.H2ConsoleAutoConfiguration    : H2 console available at '/h2-console'. Database available at 'jdbc:mysql://localhost:3306/springboottraining2022mar'
2022-04-19 09:48:53.420  INFO 3668 --- [restartedMain] o.hibernate.jpa.internal.util.LogHelper  : HHH000204: Processing PersistenceUnitInfo [name: default]
2022-04-19 09:48:53.433  INFO 3668 --- [restartedMain] org.hibernate.dialect.Dialect            : HHH000400: Using dialect: org.hibernate.dialect.MySQL5InnoDBDialect
2022-04-19 09:48:54.106  INFO 3668 --- [restartedMain] o.h.e.t.j.p.i.JtaPlatformInitiator       : HHH000490: Using JtaPlatform implementation: [org.hibernate.engine.transaction.jta.platform.internal.NoJtaPlatform]
2022-04-19 09:48:54.109  INFO 3668 --- [restartedMain] j.LocalContainerEntityManagerFactoryBean : Initialized JPA EntityManagerFactory for persistence unit 'default'
2022-04-19 09:48:54.439  WARN 3668 --- [restartedMain] JpaBaseConfiguration$JpaWebConfiguration : spring.jpa.open-in-view is enabled by default. Therefore, database queries may be performed during view rendering. Explicitly configure spring.jpa.open-in-view to disable this warning
2022-04-19 09:48:54.767  WARN 3668 --- [restartedMain] o.s.b.d.a.OptionalLiveReloadServer       : Unable to start LiveReload server
2022-04-19 09:48:54.790  INFO 3668 --- [restartedMain] o.s.b.w.embedded.tomcat.TomcatWebServer  : Tomcat started on port(s): 9091 (http) with context path ''
2022-04-19 09:48:54.802  INFO 3668 --- [restartedMain] c.s.h.CentralGovpApplication             : Started CentralGovpApplication in 3.347 seconds (JVM running for 244.819)
2022-04-19 09:48:54.815  INFO 3668 --- [restartedMain] .ConditionEvaluationDeltaLoggingListener : Condition evaluation unchanged
2022-04-19 09:55:12.826  INFO 8280 --- [restartedMain] c.s.h.CentralGovpApplication             : Starting CentralGovpApplication using Java 1.8.0_241 on DESKTOP-H2AEHVK with PID 8280 (D:\spring-boot\central-government-management-system\target\classes started by Dell in D:\spring-boot\central-government-management-system)
2022-04-19 09:55:12.829  INFO 8280 --- [restartedMain] c.s.h.CentralGovpApplication             : The following 1 profile is active: "sql"
2022-04-19 09:55:13.041  INFO 8280 --- [restartedMain] .e.DevToolsPropertyDefaultsPostProcessor : Devtools property defaults active! Set 'spring.devtools.add-properties' to 'false' to disable
2022-04-19 09:55:13.044  INFO 8280 --- [restartedMain] .e.DevToolsPropertyDefaultsPostProcessor : For additional web related logging consider setting the 'logging.level.web' property to 'DEBUG'
2022-04-19 09:55:15.863  INFO 8280 --- [restartedMain] .s.d.r.c.RepositoryConfigurationDelegate : Bootstrapping Spring Data JPA repositories in DEFAULT mode.
2022-04-19 09:55:16.027  INFO 8280 --- [restartedMain] .s.d.r.c.RepositoryConfigurationDelegate : Finished Spring Data repository scanning in 135 ms. Found 1 JPA repository interfaces.
2022-04-19 09:55:20.179  INFO 8280 --- [restartedMain] o.s.b.w.embedded.tomcat.TomcatWebServer  : Tomcat initialized with port(s): 9091 (http)
2022-04-19 09:55:20.209  INFO 8280 --- [restartedMain] o.apache.catalina.core.StandardService   : Starting service [Tomcat]
2022-04-19 09:55:20.210  INFO 8280 --- [restartedMain] org.apache.catalina.core.StandardEngine  : Starting Servlet engine: [Apache Tomcat/9.0.60]
2022-04-19 09:55:20.572  INFO 8280 --- [restartedMain] o.a.c.c.C.[Tomcat].[localhost].[/]       : Initializing Spring embedded WebApplicationContext
2022-04-19 09:55:20.572  INFO 8280 --- [restartedMain] w.s.c.ServletWebServerApplicationContext : Root WebApplicationContext: initialization completed in 7525 ms
2022-04-19 09:55:21.098  INFO 8280 --- [restartedMain] com.zaxxer.hikari.HikariDataSource       : HikariPool-1 - Starting...
2022-04-19 09:55:23.339  INFO 8280 --- [restartedMain] com.zaxxer.hikari.HikariDataSource       : HikariPool-1 - Start completed.
2022-04-19 09:55:23.356  INFO 8280 --- [restartedMain] o.s.b.a.h2.H2ConsoleAutoConfiguration    : H2 console available at '/h2-console'. Database available at 'jdbc:mysql://localhost:3306/springboottraining2022mar'
2022-04-19 09:55:24.717  INFO 8280 --- [restartedMain] o.hibernate.jpa.internal.util.LogHelper  : HHH000204: Processing PersistenceUnitInfo [name: default]
2022-04-19 09:55:25.264  INFO 8280 --- [restartedMain] org.hibernate.Version                    : HHH000412: Hibernate ORM core version 5.6.7.Final
2022-04-19 09:55:26.182  INFO 8280 --- [restartedMain] o.hibernate.annotations.common.Version   : HCANN000001: Hibernate Commons Annotations {5.1.2.Final}
2022-04-19 09:55:26.432  INFO 8280 --- [restartedMain] org.hibernate.dialect.Dialect            : HHH000400: Using dialect: org.hibernate.dialect.MySQL5InnoDBDialect
2022-04-19 09:55:30.017  INFO 8280 --- [restartedMain] o.h.e.t.j.p.i.JtaPlatformInitiator       : HHH000490: Using JtaPlatform implementation: [org.hibernate.engine.transaction.jta.platform.internal.NoJtaPlatform]
2022-04-19 09:55:30.063  INFO 8280 --- [restartedMain] j.LocalContainerEntityManagerFactoryBean : Initialized JPA EntityManagerFactory for persistence unit 'default'
2022-04-19 09:55:32.192  WARN 8280 --- [restartedMain] JpaBaseConfiguration$JpaWebConfiguration : spring.jpa.open-in-view is enabled by default. Therefore, database queries may be performed during view rendering. Explicitly configure spring.jpa.open-in-view to disable this warning
2022-04-19 09:55:35.751  INFO 8280 --- [restartedMain] o.s.b.d.a.OptionalLiveReloadServer       : LiveReload server is running on port 35729
2022-04-19 09:55:36.315  INFO 8280 --- [restartedMain] o.s.b.w.embedded.tomcat.TomcatWebServer  : Tomcat started on port(s): 9091 (http) with context path ''
2022-04-19 09:55:36.959  INFO 8280 --- [restartedMain] c.s.h.CentralGovpApplication             : Started CentralGovpApplication in 25.384 seconds (JVM running for 26.729)
2022-04-19 09:57:24.901  INFO 8280 --- [http-nio-9091-exec-2] o.a.c.c.C.[Tomcat].[localhost].[/]       : Initializing Spring DispatcherServlet 'dispatcherServlet'
2022-04-19 09:57:24.901  INFO 8280 --- [http-nio-9091-exec-2] o.s.web.servlet.DispatcherServlet        : Initializing Servlet 'dispatcherServlet'
2022-04-19 09:57:24.904  INFO 8280 --- [http-nio-9091-exec-2] o.s.web.servlet.DispatcherServlet        : Completed initialization in 3 ms
