2022-04-14 08:21:48 [restartedMain] INFO  c.s.h.HelloworldappApplication -
				Starting HelloworldappApplication using Java 1.8.0_241 on DESKTOP-H2AEHVK with PID 8016 (D:\spring-boot\helloworldapp\target\classes started by Dell in D:\spring-boot\helloworldapp)
2022-04-14 08:21:48 [restartedMain] DEBUG c.s.h.HelloworldappApplication -
				Running with Spring Boot v2.6.5, Spring v5.3.17
2022-04-14 08:21:48 [restartedMain] INFO  c.s.h.HelloworldappApplication -
				The following 1 profile is active: "sql"
2022-04-14 08:21:49 [restartedMain] INFO  c.s.h.HelloworldappApplication -
				Started HelloworldappApplication in 3.052 seconds (JVM running for 2569.169)
2022-04-14 08:43:04 [http-nio-9091-exec-2] INFO  c.s.h.controller.MandalsController -
				Request:{'}====================info logcom.springboottraining.helloworldapp.models.MandalsModel@7eff3062
2022-04-14 08:43:04 [http-nio-9091-exec-2] DEBUG c.s.h.controller.MandalsController -
				Request:{'}====================debug logcom.springboottraining.helloworldapp.models.MandalsModel@7eff3062
2022-04-14 08:43:04 [http-nio-9091-exec-2] DEBUG c.s.h.service.MandalsService -
				Request-----------> {}com.springboottraining.helloworldapp.models.MandalsModel@7eff3062
2022-04-14 09:13:04 [restartedMain] INFO  c.s.h.HelloworldappApplication -
				Starting HelloworldappApplication using Java 1.8.0_241 on DESKTOP-H2AEHVK with PID 8016 (D:\spring-boot\helloworldapp\target\classes started by Dell in D:\spring-boot\helloworldapp)
2022-04-14 09:13:04 [restartedMain] DEBUG c.s.h.HelloworldappApplication -
				Running with Spring Boot v2.6.5, Spring v5.3.17
2022-04-14 09:13:04 [restartedMain] INFO  c.s.h.HelloworldappApplication -
				The following 1 profile is active: "sql"
2022-04-14 09:13:16 [restartedMain] INFO  c.s.h.HelloworldappApplication -
				Started HelloworldappApplication in 12.677 seconds (JVM running for 5655.518)
2022-04-14 09:13:24 [restartedMain] INFO  c.s.h.HelloworldappApplication -
				Starting HelloworldappApplication using Java 1.8.0_241 on DESKTOP-H2AEHVK with PID 8016 (D:\spring-boot\helloworldapp\target\classes started by Dell in D:\spring-boot\helloworldapp)
2022-04-14 09:13:24 [restartedMain] DEBUG c.s.h.HelloworldappApplication -
				Running with Spring Boot v2.6.5, Spring v5.3.17
2022-04-14 09:13:24 [restartedMain] INFO  c.s.h.HelloworldappApplication -
				The following 1 profile is active: "sql"
2022-04-14 09:13:26 [restartedMain] INFO  c.s.h.HelloworldappApplication -
				Started HelloworldappApplication in 2.018 seconds (JVM running for 5666.046)
2022-04-14 09:13:30 [restartedMain] INFO  c.s.h.HelloworldappApplication -
				Starting HelloworldappApplication using Java 1.8.0_241 on DESKTOP-H2AEHVK with PID 8016 (D:\spring-boot\helloworldapp\target\classes started by Dell in D:\spring-boot\helloworldapp)
2022-04-14 09:13:30 [restartedMain] DEBUG c.s.h.HelloworldappApplication -
				Running with Spring Boot v2.6.5, Spring v5.3.17
2022-04-14 09:13:30 [restartedMain] INFO  c.s.h.HelloworldappApplication -
				The following 1 profile is active: "sql"
2022-04-14 09:13:35 [restartedMain] INFO  c.s.h.HelloworldappApplication -
				Started HelloworldappApplication in 5.096 seconds (JVM running for 5674.327)
2022-04-14 09:14:27 [restartedMain] INFO  c.s.h.HelloworldappApplication -
				Starting HelloworldappApplication using Java 1.8.0_241 on DESKTOP-H2AEHVK with PID 8016 (D:\spring-boot\helloworldapp\target\classes started by Dell in D:\spring-boot\helloworldapp)
2022-04-14 09:14:27 [restartedMain] DEBUG c.s.h.HelloworldappApplication -
				Running with Spring Boot v2.6.5, Spring v5.3.17
2022-04-14 09:14:27 [restartedMain] INFO  c.s.h.HelloworldappApplication -
				The following 1 profile is active: "sql"
2022-04-14 09:14:28 [restartedMain] INFO  c.s.h.HelloworldappApplication -
				Started HelloworldappApplication in 1.12 seconds (JVM running for 5728.249)
2022-04-14 09:14:51 [restartedMain] INFO  c.s.h.HelloworldappApplication -
				Starting HelloworldappApplication using Java 1.8.0_241 on DESKTOP-H2AEHVK with PID 8016 (D:\spring-boot\helloworldapp\target\classes started by Dell in D:\spring-boot\helloworldapp)
2022-04-14 09:14:51 [restartedMain] DEBUG c.s.h.HelloworldappApplication -
				Running with Spring Boot v2.6.5, Spring v5.3.17
2022-04-14 09:14:51 [restartedMain] INFO  c.s.h.HelloworldappApplication -
				The following 1 profile is active: "sql"
2022-04-14 09:14:52 [restartedMain] INFO  c.s.h.HelloworldappApplication -
				Started HelloworldappApplication in 1.31 seconds (JVM running for 5751.918)
2022-04-14 09:15:08 [restartedMain] INFO  c.s.h.HelloworldappApplication -
				Starting HelloworldappApplication using Java 1.8.0_241 on DESKTOP-H2AEHVK with PID 8016 (D:\spring-boot\helloworldapp\target\classes started by Dell in D:\spring-boot\helloworldapp)
2022-04-14 09:15:08 [restartedMain] DEBUG c.s.h.HelloworldappApplication -
				Running with Spring Boot v2.6.5, Spring v5.3.17
2022-04-14 09:15:08 [restartedMain] INFO  c.s.h.HelloworldappApplication -
				The following 1 profile is active: "sql"
2022-04-14 09:15:11 [restartedMain] INFO  c.s.h.HelloworldappApplication -
				Started HelloworldappApplication in 2.423 seconds (JVM running for 5770.562)
2022-04-14 09:15:15 [restartedMain] INFO  c.s.h.HelloworldappApplication -
				Starting HelloworldappApplication using Java 1.8.0_241 on DESKTOP-H2AEHVK with PID 8016 (D:\spring-boot\helloworldapp\target\classes started by Dell in D:\spring-boot\helloworldapp)
2022-04-14 09:15:15 [restartedMain] DEBUG c.s.h.HelloworldappApplication -
				Running with Spring Boot v2.6.5, Spring v5.3.17
2022-04-14 09:15:15 [restartedMain] INFO  c.s.h.HelloworldappApplication -
				The following 1 profile is active: "sql"
2022-04-14 09:15:17 [restartedMain] INFO  c.s.h.HelloworldappApplication -
				Started HelloworldappApplication in 1.383 seconds (JVM running for 5776.334)
2022-04-14 09:15:19 [restartedMain] INFO  c.s.h.HelloworldappApplication -
				Starting HelloworldappApplication using Java 1.8.0_241 on DESKTOP-H2AEHVK with PID 8016 (D:\spring-boot\helloworldapp\target\classes started by Dell in D:\spring-boot\helloworldapp)
2022-04-14 09:15:19 [restartedMain] DEBUG c.s.h.HelloworldappApplication -
				Running with Spring Boot v2.6.5, Spring v5.3.17
2022-04-14 09:15:19 [restartedMain] INFO  c.s.h.HelloworldappApplication -
				The following 1 profile is active: "sql"
2022-04-14 09:15:19 [restartedMain] INFO  c.s.h.HelloworldappApplication -
				Started HelloworldappApplication in 0.896 seconds (JVM running for 5779.141)
2022-04-14 09:15:38 [restartedMain] INFO  c.s.h.HelloworldappApplication -
				Starting HelloworldappApplication using Java 1.8.0_241 on DESKTOP-H2AEHVK with PID 8016 (D:\spring-boot\helloworldapp\target\classes started by Dell in D:\spring-boot\helloworldapp)
2022-04-14 09:15:38 [restartedMain] DEBUG c.s.h.HelloworldappApplication -
				Running with Spring Boot v2.6.5, Spring v5.3.17
2022-04-14 09:15:38 [restartedMain] INFO  c.s.h.HelloworldappApplication -
				The following 1 profile is active: "sql"
2022-04-14 09:15:40 [restartedMain] INFO  c.s.h.HelloworldappApplication -
				Started HelloworldappApplication in 1.493 seconds (JVM running for 5799.433)
2022-04-14 09:15:42 [restartedMain] INFO  c.s.h.HelloworldappApplication -
				Starting HelloworldappApplication using Java 1.8.0_241 on DESKTOP-H2AEHVK with PID 8016 (D:\spring-boot\helloworldapp\target\classes started by Dell in D:\spring-boot\helloworldapp)
2022-04-14 09:15:42 [restartedMain] DEBUG c.s.h.HelloworldappApplication -
				Running with Spring Boot v2.6.5, Spring v5.3.17
2022-04-14 09:15:42 [restartedMain] INFO  c.s.h.HelloworldappApplication -
				The following 1 profile is active: "sql"
2022-04-14 09:15:43 [restartedMain] INFO  c.s.h.HelloworldappApplication -
				Started HelloworldappApplication in 1.141 seconds (JVM running for 5802.548)
2022-04-14 09:15:46 [restartedMain] INFO  c.s.h.HelloworldappApplication -
				Starting HelloworldappApplication using Java 1.8.0_241 on DESKTOP-H2AEHVK with PID 8016 (D:\spring-boot\helloworldapp\target\classes started by Dell in D:\spring-boot\helloworldapp)
2022-04-14 09:15:46 [restartedMain] DEBUG c.s.h.HelloworldappApplication -
				Running with Spring Boot v2.6.5, Spring v5.3.17
2022-04-14 09:15:46 [restartedMain] INFO  c.s.h.HelloworldappApplication -
				The following 1 profile is active: "sql"
2022-04-14 09:15:47 [restartedMain] INFO  c.s.h.HelloworldappApplication -
				Started HelloworldappApplication in 0.903 seconds (JVM running for 5806.357)
2022-04-14 09:16:32 [restartedMain] INFO  c.s.h.HelloworldappApplication -
				Starting HelloworldappApplication using Java 1.8.0_241 on DESKTOP-H2AEHVK with PID 8016 (D:\spring-boot\helloworldapp\target\classes started by Dell in D:\spring-boot\helloworldapp)
2022-04-14 09:16:32 [restartedMain] DEBUG c.s.h.HelloworldappApplication -
				Running with Spring Boot v2.6.5, Spring v5.3.17
2022-04-14 09:16:32 [restartedMain] INFO  c.s.h.HelloworldappApplication -
				The following 1 profile is active: "sql"
2022-04-14 09:16:34 [restartedMain] INFO  c.s.h.HelloworldappApplication -
				Started HelloworldappApplication in 1.656 seconds (JVM running for 5853.484)
2022-04-14 09:16:50 [restartedMain] INFO  c.s.h.HelloworldappApplication -
				Starting HelloworldappApplication using Java 1.8.0_241 on DESKTOP-H2AEHVK with PID 8016 (D:\spring-boot\helloworldapp\target\classes started by Dell in D:\spring-boot\helloworldapp)
2022-04-14 09:16:50 [restartedMain] DEBUG c.s.h.HelloworldappApplication -
				Running with Spring Boot v2.6.5, Spring v5.3.17
2022-04-14 09:16:50 [restartedMain] INFO  c.s.h.HelloworldappApplication -
				The following 1 profile is active: "sql"
2022-04-14 09:22:27 [restartedMain] INFO  c.s.h.HelloworldappApplication -
				Starting HelloworldappApplication using Java 1.8.0_241 on DESKTOP-H2AEHVK with PID 10992 (D:\spring-boot\helloworldapp\target\classes started by Dell in D:\spring-boot\helloworldapp)
2022-04-14 09:22:27 [restartedMain] DEBUG c.s.h.HelloworldappApplication -
				Running with Spring Boot v2.6.5, Spring v5.3.17
2022-04-14 09:22:27 [restartedMain] INFO  c.s.h.HelloworldappApplication -
				The following 1 profile is active: "sql"
2022-04-14 09:23:13 [restartedMain] INFO  c.s.h.HelloworldappApplication -
				Started HelloworldappApplication in 54.619 seconds (JVM running for 146.533)
2022-04-14 09:26:25 [restartedMain] INFO  c.s.h.HelloworldappApplication -
				Starting HelloworldappApplication using Java 1.8.0_241 on DESKTOP-H2AEHVK with PID 10992 (D:\spring-boot\helloworldapp\target\classes started by Dell in D:\spring-boot\helloworldapp)
2022-04-14 09:26:25 [restartedMain] DEBUG c.s.h.HelloworldappApplication -
				Running with Spring Boot v2.6.5, Spring v5.3.17
2022-04-14 09:26:25 [restartedMain] INFO  c.s.h.HelloworldappApplication -
				The following 1 profile is active: "sql"
2022-04-14 09:26:40 [restartedMain] INFO  c.s.h.HelloworldappApplication -
				Started HelloworldappApplication in 14.541 seconds (JVM running for 353.127)
2022-04-14 09:27:00 [restartedMain] INFO  c.s.h.HelloworldappApplication -
				Starting HelloworldappApplication using Java 1.8.0_241 on DESKTOP-H2AEHVK with PID 10992 (D:\spring-boot\helloworldapp\target\classes started by Dell in D:\spring-boot\helloworldapp)
2022-04-14 09:27:00 [restartedMain] DEBUG c.s.h.HelloworldappApplication -
				Running with Spring Boot v2.6.5, Spring v5.3.17
2022-04-14 09:27:00 [restartedMain] INFO  c.s.h.HelloworldappApplication -
				The following 1 profile is active: "sql"
2022-04-14 09:27:05 [restartedMain] INFO  c.s.h.HelloworldappApplication -
				Started HelloworldappApplication in 6.609 seconds (JVM running for 377.903)
2022-04-14 09:28:01 [restartedMain] INFO  c.s.h.HelloworldappApplication -
				Starting HelloworldappApplication using Java 1.8.0_241 on DESKTOP-H2AEHVK with PID 10992 (D:\spring-boot\helloworldapp\target\classes started by Dell in D:\spring-boot\helloworldapp)
2022-04-14 09:28:01 [restartedMain] DEBUG c.s.h.HelloworldappApplication -
				Running with Spring Boot v2.6.5, Spring v5.3.17
2022-04-14 09:28:01 [restartedMain] INFO  c.s.h.HelloworldappApplication -
				The following 1 profile is active: "sql"
2022-04-14 09:28:03 [restartedMain] INFO  c.s.h.HelloworldappApplication -
				Started HelloworldappApplication in 2.32 seconds (JVM running for 436.167)
2022-04-14 09:28:42 [restartedMain] INFO  c.s.h.HelloworldappApplication -
				Starting HelloworldappApplication using Java 1.8.0_241 on DESKTOP-H2AEHVK with PID 10992 (D:\spring-boot\helloworldapp\target\classes started by Dell in D:\spring-boot\helloworldapp)
2022-04-14 09:28:42 [restartedMain] DEBUG c.s.h.HelloworldappApplication -
				Running with Spring Boot v2.6.5, Spring v5.3.17
2022-04-14 09:28:42 [restartedMain] INFO  c.s.h.HelloworldappApplication -
				The following 1 profile is active: "sql"
2022-04-14 09:28:43 [restartedMain] INFO  c.s.h.HelloworldappApplication -
				Started HelloworldappApplication in 1.85 seconds (JVM running for 476.537)
2022-04-14 09:29:06 [restartedMain] INFO  c.s.h.HelloworldappApplication -
				Starting HelloworldappApplication using Java 1.8.0_241 on DESKTOP-H2AEHVK with PID 10992 (D:\spring-boot\helloworldapp\target\classes started by Dell in D:\spring-boot\helloworldapp)
2022-04-14 09:29:06 [restartedMain] DEBUG c.s.h.HelloworldappApplication -
				Running with Spring Boot v2.6.5, Spring v5.3.17
2022-04-14 09:29:06 [restartedMain] INFO  c.s.h.HelloworldappApplication -
				The following 1 profile is active: "sql"
2022-04-14 09:29:08 [restartedMain] INFO  c.s.h.HelloworldappApplication -
				Started HelloworldappApplication in 1.865 seconds (JVM running for 501.023)
2022-04-14 09:29:15 [restartedMain] INFO  c.s.h.HelloworldappApplication -
				Starting HelloworldappApplication using Java 1.8.0_241 on DESKTOP-H2AEHVK with PID 10992 (D:\spring-boot\helloworldapp\target\classes started by Dell in D:\spring-boot\helloworldapp)
2022-04-14 09:29:15 [restartedMain] DEBUG c.s.h.HelloworldappApplication -
				Running with Spring Boot v2.6.5, Spring v5.3.17
2022-04-14 09:29:15 [restartedMain] INFO  c.s.h.HelloworldappApplication -
				The following 1 profile is active: "sql"
2022-04-14 09:29:17 [restartedMain] INFO  c.s.h.HelloworldappApplication -
				Started HelloworldappApplication in 2.363 seconds (JVM running for 510.181)
2022-04-14 09:29:19 [restartedMain] INFO  c.s.h.HelloworldappApplication -
				Starting HelloworldappApplication using Java 1.8.0_241 on DESKTOP-H2AEHVK with PID 10992 (D:\spring-boot\helloworldapp\target\classes started by Dell in D:\spring-boot\helloworldapp)
2022-04-14 09:29:19 [restartedMain] DEBUG c.s.h.HelloworldappApplication -
				Running with Spring Boot v2.6.5, Spring v5.3.17
2022-04-14 09:29:19 [restartedMain] INFO  c.s.h.HelloworldappApplication -
				The following 1 profile is active: "sql"
2022-04-14 09:29:20 [restartedMain] INFO  c.s.h.HelloworldappApplication -
				Started HelloworldappApplication in 1.427 seconds (JVM running for 513.612)
2022-04-14 09:29:52 [restartedMain] INFO  c.s.h.HelloworldappApplication -
				Starting HelloworldappApplication using Java 1.8.0_241 on DESKTOP-H2AEHVK with PID 10992 (D:\spring-boot\helloworldapp\target\classes started by Dell in D:\spring-boot\helloworldapp)
2022-04-14 09:29:52 [restartedMain] DEBUG c.s.h.HelloworldappApplication -
				Running with Spring Boot v2.6.5, Spring v5.3.17
2022-04-14 09:29:52 [restartedMain] INFO  c.s.h.HelloworldappApplication -
				The following 1 profile is active: "sql"
2022-04-14 09:30:29 [restartedMain] INFO  c.s.h.HelloworldappApplication -
				Starting HelloworldappApplication using Java 1.8.0_241 on DESKTOP-H2AEHVK with PID 10992 (D:\spring-boot\helloworldapp\target\classes started by Dell in D:\spring-boot\helloworldapp)
2022-04-14 09:30:29 [restartedMain] DEBUG c.s.h.HelloworldappApplication -
				Running with Spring Boot v2.6.5, Spring v5.3.17
2022-04-14 09:30:29 [restartedMain] INFO  c.s.h.HelloworldappApplication -
				The following 1 profile is active: "sql"
2022-04-14 09:30:30 [restartedMain] INFO  c.s.h.HelloworldappApplication -
				Started HelloworldappApplication in 1.119 seconds (JVM running for 583.368)
2022-04-14 09:30:54 [restartedMain] INFO  c.s.h.HelloworldappApplication -
				Starting HelloworldappApplication using Java 1.8.0_241 on DESKTOP-H2AEHVK with PID 10992 (D:\spring-boot\helloworldapp\target\classes started by Dell in D:\spring-boot\helloworldapp)
2022-04-14 09:30:54 [restartedMain] DEBUG c.s.h.HelloworldappApplication -
				Running with Spring Boot v2.6.5, Spring v5.3.17
2022-04-14 09:30:54 [restartedMain] INFO  c.s.h.HelloworldappApplication -
				The following 1 profile is active: "sql"
2022-04-14 09:30:56 [restartedMain] INFO  c.s.h.HelloworldappApplication -
				Started HelloworldappApplication in 1.746 seconds (JVM running for 609.257)
2022-04-14 09:31:26 [restartedMain] INFO  c.s.h.HelloworldappApplication -
				Starting HelloworldappApplication using Java 1.8.0_241 on DESKTOP-H2AEHVK with PID 10992 (D:\spring-boot\helloworldapp\target\classes started by Dell in D:\spring-boot\helloworldapp)
2022-04-14 09:31:26 [restartedMain] DEBUG c.s.h.HelloworldappApplication -
				Running with Spring Boot v2.6.5, Spring v5.3.17
2022-04-14 09:31:26 [restartedMain] INFO  c.s.h.HelloworldappApplication -
				The following 1 profile is active: "sql"
2022-04-14 09:31:28 [restartedMain] INFO  c.s.h.HelloworldappApplication -
				Started HelloworldappApplication in 2.093 seconds (JVM running for 641.746)
2022-04-14 09:31:53 [restartedMain] INFO  c.s.h.HelloworldappApplication -
				Starting HelloworldappApplication using Java 1.8.0_241 on DESKTOP-H2AEHVK with PID 10992 (D:\spring-boot\helloworldapp\target\classes started by Dell in D:\spring-boot\helloworldapp)
2022-04-14 09:31:53 [restartedMain] DEBUG c.s.h.HelloworldappApplication -
				Running with Spring Boot v2.6.5, Spring v5.3.17
2022-04-14 09:31:53 [restartedMain] INFO  c.s.h.HelloworldappApplication -
				The following 1 profile is active: "sql"
2022-04-14 09:31:54 [restartedMain] INFO  c.s.h.HelloworldappApplication -
				Started HelloworldappApplication in 1.087 seconds (JVM running for 667.145)
2022-04-14 09:32:50 [restartedMain] INFO  c.s.h.HelloworldappApplication -
				Starting HelloworldappApplication using Java 1.8.0_241 on DESKTOP-H2AEHVK with PID 10992 (D:\spring-boot\helloworldapp\target\classes started by Dell in D:\spring-boot\helloworldapp)
2022-04-14 09:32:50 [restartedMain] DEBUG c.s.h.HelloworldappApplication -
				Running with Spring Boot v2.6.5, Spring v5.3.17
2022-04-14 09:32:50 [restartedMain] INFO  c.s.h.HelloworldappApplication -
				The following 1 profile is active: "sql"
2022-04-14 09:32:51 [restartedMain] INFO  c.s.h.HelloworldappApplication -
				Started HelloworldappApplication in 1.232 seconds (JVM running for 724.564)
